  [1m[36m (125.6ms)[0m  [1mCREATE TABLE "schema_migrations" ("version" varchar(255) NOT NULL) [0m
  [1m[35m (100.3ms)[0m  CREATE UNIQUE INDEX "unique_schema_migrations" ON "schema_migrations" ("version")
  [1m[36mActiveRecord::SchemaMigration Load (0.1ms)[0m  [1mSELECT "schema_migrations".* FROM "schema_migrations"[0m
Migrating to CreateProducts (20140418040106)
  [1m[35m (0.1ms)[0m  begin transaction
  [1m[36m (0.2ms)[0m  [1mCREATE TABLE "products" ("id" INTEGER PRIMARY KEY AUTOINCREMENT NOT NULL, "name" varchar(255), "price" decimal, "created_at" datetime, "updated_at" datetime) [0m
  [1m[35mSQL (0.3ms)[0m  INSERT INTO "schema_migrations" ("version") VALUES (?)  [["version", "20140418040106"]]
  [1m[36m (145.2ms)[0m  [1mcommit transaction[0m
  [1m[35mActiveRecord::SchemaMigration Load (0.1ms)[0m  SELECT "schema_migrations".* FROM "schema_migrations"


Started GET "/product" for 127.0.0.1 at 2014-04-18 11:01:36 +0700
  [1m[36mActiveRecord::SchemaMigration Load (0.2ms)[0m  [1mSELECT "schema_migrations".* FROM "schema_migrations"[0m

ActionController::RoutingError (No route matches [GET] "/product"):
  actionpack (4.0.4) lib/action_dispatch/middleware/debug_exceptions.rb:21:in `call'
  actionpack (4.0.4) lib/action_dispatch/middleware/show_exceptions.rb:30:in `call'
  railties (4.0.4) lib/rails/rack/logger.rb:38:in `call_app'
  railties (4.0.4) lib/rails/rack/logger.rb:20:in `block in call'
  activesupport (4.0.4) lib/active_support/tagged_logging.rb:68:in `block in tagged'
  activesupport (4.0.4) lib/active_support/tagged_logging.rb:26:in `tagged'
  activesupport (4.0.4) lib/active_support/tagged_logging.rb:68:in `tagged'
  railties (4.0.4) lib/rails/rack/logger.rb:20:in `call'
  actionpack (4.0.4) lib/action_dispatch/middleware/request_id.rb:21:in `call'
  rack (1.5.2) lib/rack/methodoverride.rb:21:in `call'
  rack (1.5.2) lib/rack/runtime.rb:17:in `call'
  activesupport (4.0.4) lib/active_support/cache/strategy/local_cache.rb:83:in `call'
  rack (1.5.2) lib/rack/lock.rb:17:in `call'
  actionpack (4.0.4) lib/action_dispatch/middleware/static.rb:64:in `call'
  rack (1.5.2) lib/rack/sendfile.rb:112:in `call'
  railties (4.0.4) lib/rails/engine.rb:511:in `call'
  railties (4.0.4) lib/rails/application.rb:97:in `call'
  rack (1.5.2) lib/rack/lock.rb:17:in `call'
  rack (1.5.2) lib/rack/content_length.rb:14:in `call'
  rack (1.5.2) lib/rack/handler/webrick.rb:60:in `service'
  /usr/lib/ruby/1.9.1/webrick/httpserver.rb:138:in `service'
  /usr/lib/ruby/1.9.1/webrick/httpserver.rb:94:in `run'
  /usr/lib/ruby/1.9.1/webrick/server.rb:191:in `block in start_thread'


  Rendered /usr/lib/ruby/gems/1.9.1/gems/actionpack-4.0.4/lib/action_dispatch/middleware/templates/rescues/_trace.erb (2.2ms)
  Rendered /usr/lib/ruby/gems/1.9.1/gems/actionpack-4.0.4/lib/action_dispatch/middleware/templates/routes/_route.html.erb (2.2ms)
  Rendered /usr/lib/ruby/gems/1.9.1/gems/actionpack-4.0.4/lib/action_dispatch/middleware/templates/routes/_table.html.erb (17.4ms)
  Rendered /usr/lib/ruby/gems/1.9.1/gems/actionpack-4.0.4/lib/action_dispatch/middleware/templates/rescues/routing_error.erb within rescues/layout (63.2ms)


Started GET "/products" for 127.0.0.1 at 2014-04-18 11:01:51 +0700
Processing by ProductsController#index as HTML
  [1m[35mProduct Load (0.2ms)[0m  SELECT "products".* FROM "products"
  Rendered products/index.html.erb within layouts/application (1.8ms)
Completed 200 OK in 914ms (Views: 889.7ms | ActiveRecord: 0.2ms)


Started GET "/assets/jquery_ujs.js?body=1" for 127.0.0.1 at 2014-04-18 11:01:52 +0700


Started GET "/assets/products.js?body=1" for 127.0.0.1 at 2014-04-18 11:01:52 +0700


Started GET "/assets/turbolinks.js?body=1" for 127.0.0.1 at 2014-04-18 11:01:52 +0700


Started GET "/assets/jquery.js?body=1" for 127.0.0.1 at 2014-04-18 11:01:52 +0700


Started GET "/assets/application.css?body=1" for 127.0.0.1 at 2014-04-18 11:01:52 +0700


Started GET "/assets/application.js?body=1" for 127.0.0.1 at 2014-04-18 11:01:52 +0700


Started GET "/products/new" for 127.0.0.1 at 2014-04-18 11:02:42 +0700
Processing by ProductsController#new as HTML
  Rendered products/_form.html.erb (76.4ms)
  Rendered products/new.html.erb within layouts/application (77.8ms)
Completed 200 OK in 113ms (Views: 111.1ms | ActiveRecord: 0.4ms)


Started POST "/products" for 127.0.0.1 at 2014-04-18 11:02:53 +0700
Processing by ProductsController#create as HTML
  Parameters: {"utf8"=>"✓", "authenticity_token"=>"8tsLXsUWMDW6KUZ/ffg/4GXuwoDwbyoPRE/frXRbkYE=", "product"=>{"name"=>"fuck", "price"=>"100"}, "commit"=>"Create Product"}
  [1m[36m (0.1ms)[0m  [1mbegin transaction[0m
  [1m[35mSQL (95.6ms)[0m  INSERT INTO "products" ("created_at", "name", "price", "updated_at") VALUES (?, ?, ?, ?)  [["created_at", Fri, 18 Apr 2014 04:02:53 UTC +00:00], ["name", "fuck"], ["price", #<BigDecimal:7fca48aae168,'0.1E3',9(18)>], ["updated_at", Fri, 18 Apr 2014 04:02:53 UTC +00:00]]
  [1m[36m (155.8ms)[0m  [1mcommit transaction[0m
Redirected to http://localhost:3000/products/1
Completed 302 Found in 257ms (ActiveRecord: 251.5ms)


Started GET "/products/1" for 127.0.0.1 at 2014-04-18 11:02:53 +0700
Processing by ProductsController#show as HTML
  Parameters: {"id"=>"1"}
  [1m[35mProduct Load (0.3ms)[0m  SELECT "products".* FROM "products" WHERE "products"."id" = ? LIMIT 1  [["id", "1"]]
  Rendered products/show.html.erb within layouts/application (1.0ms)
Completed 200 OK in 32ms (Views: 3.5ms | ActiveRecord: 0.3ms)


Started GET "/assets/application.css?body=1" for 127.0.0.1 at 2014-04-18 11:02:53 +0700


Started GET "/assets/jquery.js?body=1" for 127.0.0.1 at 2014-04-18 11:02:53 +0700


Started GET "/assets/products.js?body=1" for 127.0.0.1 at 2014-04-18 11:02:53 +0700


Started GET "/assets/jquery_ujs.js?body=1" for 127.0.0.1 at 2014-04-18 11:02:53 +0700


Started GET "/assets/turbolinks.js?body=1" for 127.0.0.1 at 2014-04-18 11:02:53 +0700


Started GET "/assets/application.js?body=1" for 127.0.0.1 at 2014-04-18 11:02:53 +0700


Started GET "/products" for 127.0.0.1 at 2014-04-18 11:02:56 +0700
Processing by ProductsController#index as HTML
  [1m[36mProduct Load (0.2ms)[0m  [1mSELECT "products".* FROM "products"[0m
  Rendered products/index.html.erb within layouts/application (2.3ms)
Completed 200 OK in 5ms (Views: 4.5ms | ActiveRecord: 0.2ms)


Started DELETE "/products/1" for 127.0.0.1 at 2014-04-18 11:03:07 +0700
Processing by ProductsController#destroy as HTML
  Parameters: {"authenticity_token"=>"8tsLXsUWMDW6KUZ/ffg/4GXuwoDwbyoPRE/frXRbkYE=", "id"=>"1"}
  [1m[35mProduct Load (0.2ms)[0m  SELECT "products".* FROM "products" WHERE "products"."id" = ? LIMIT 1  [["id", "1"]]
  [1m[36m (0.1ms)[0m  [1mbegin transaction[0m
  [1m[35mSQL (0.3ms)[0m  DELETE FROM "products" WHERE "products"."id" = ?  [["id", 1]]
  [1m[36m (161.0ms)[0m  [1mcommit transaction[0m
Redirected to http://localhost:3000/products
Completed 302 Found in 166ms (ActiveRecord: 161.6ms)


Started GET "/products" for 127.0.0.1 at 2014-04-18 11:03:07 +0700
Processing by ProductsController#index as HTML
  [1m[35mProduct Load (0.3ms)[0m  SELECT "products".* FROM "products"
  Rendered products/index.html.erb within layouts/application (1.6ms)
Completed 200 OK in 8ms (Views: 6.0ms | ActiveRecord: 0.3ms)


Started GET "/assets/application.css?body=1" for 127.0.0.1 at 2014-04-18 11:03:07 +0700


Started GET "/assets/jquery_ujs.js?body=1" for 127.0.0.1 at 2014-04-18 11:03:07 +0700


Started GET "/assets/turbolinks.js?body=1" for 127.0.0.1 at 2014-04-18 11:03:07 +0700


Started GET "/assets/jquery.js?body=1" for 127.0.0.1 at 2014-04-18 11:03:07 +0700


Started GET "/assets/application.js?body=1" for 127.0.0.1 at 2014-04-18 11:03:07 +0700


Started GET "/assets/products.js?body=1" for 127.0.0.1 at 2014-04-18 11:03:07 +0700


Started GET "/products" for 127.0.0.1 at 2014-04-18 11:06:13 +0700
Processing by ProductsController#index as HTML
  [1m[36mProduct Load (0.2ms)[0m  [1mSELECT "products".* FROM "products"[0m
  Rendered products/index.html.erb within layouts/application (0.7ms)
Completed 500 Internal Server Error in 8ms

LoadError (cannot load such file -- less
  (in /home/lacrima/Meow/test_bootstrap/store/app/assets/stylesheets/bootstrap_and_overrides.css.less)):
  app/views/layouts/application.html.erb:5:in `_app_views_layouts_application_html_erb___1442221926450571139_70253386899380'


  Rendered /usr/lib/ruby/gems/1.9.1/gems/actionpack-4.0.4/lib/action_dispatch/middleware/templates/rescues/_source.erb (0.8ms)
  Rendered /usr/lib/ruby/gems/1.9.1/gems/actionpack-4.0.4/lib/action_dispatch/middleware/templates/rescues/_trace.erb (1.0ms)
  Rendered /usr/lib/ruby/gems/1.9.1/gems/actionpack-4.0.4/lib/action_dispatch/middleware/templates/rescues/_request_and_response.erb (1.7ms)
  Rendered /usr/lib/ruby/gems/1.9.1/gems/actionpack-4.0.4/lib/action_dispatch/middleware/templates/rescues/diagnostics.erb within rescues/layout (13.8ms)


Started GET "/products" for 127.0.0.1 at 2014-04-18 11:06:31 +0700
  [1m[36mActiveRecord::SchemaMigration Load (0.1ms)[0m  [1mSELECT "schema_migrations".* FROM "schema_migrations"[0m
Processing by ProductsController#index as HTML
  [1m[35mProduct Load (0.2ms)[0m  SELECT "products".* FROM "products"
  Rendered products/index.html.erb within layouts/application (3.3ms)
Completed 500 Internal Server Error in 60ms

LoadError (cannot load such file -- less
  (in /home/lacrima/Meow/test_bootstrap/store/app/assets/stylesheets/bootstrap_and_overrides.css.less)):
  app/views/layouts/application.html.erb:5:in `_app_views_layouts_application_html_erb__1974170916011218164_70168929779260'


  Rendered /usr/lib/ruby/gems/1.9.1/gems/actionpack-4.0.4/lib/action_dispatch/middleware/templates/rescues/_source.erb (0.7ms)
  Rendered /usr/lib/ruby/gems/1.9.1/gems/actionpack-4.0.4/lib/action_dispatch/middleware/templates/rescues/_trace.erb (1.0ms)
  Rendered /usr/lib/ruby/gems/1.9.1/gems/actionpack-4.0.4/lib/action_dispatch/middleware/templates/rescues/_request_and_response.erb (0.7ms)
  Rendered /usr/lib/ruby/gems/1.9.1/gems/actionpack-4.0.4/lib/action_dispatch/middleware/templates/rescues/diagnostics.erb within rescues/layout (10.2ms)


Started GET "/products" for 127.0.0.1 at 2014-04-18 11:06:35 +0700
Processing by ProductsController#index as HTML
  [1m[36mProduct Load (0.2ms)[0m  [1mSELECT "products".* FROM "products"[0m
  Rendered products/index.html.erb within layouts/application (1.1ms)
Completed 500 Internal Server Error in 8ms

LoadError (cannot load such file -- less
  (in /home/lacrima/Meow/test_bootstrap/store/app/assets/stylesheets/bootstrap_and_overrides.css.less)):
  app/views/layouts/application.html.erb:5:in `_app_views_layouts_application_html_erb__1974170916011218164_70168929779260'


  Rendered /usr/lib/ruby/gems/1.9.1/gems/actionpack-4.0.4/lib/action_dispatch/middleware/templates/rescues/_source.erb (0.6ms)
  Rendered /usr/lib/ruby/gems/1.9.1/gems/actionpack-4.0.4/lib/action_dispatch/middleware/templates/rescues/_trace.erb (1.1ms)
  Rendered /usr/lib/ruby/gems/1.9.1/gems/actionpack-4.0.4/lib/action_dispatch/middleware/templates/rescues/_request_and_response.erb (0.9ms)
  Rendered /usr/lib/ruby/gems/1.9.1/gems/actionpack-4.0.4/lib/action_dispatch/middleware/templates/rescues/diagnostics.erb within rescues/layout (11.1ms)


Started GET "/products" for 127.0.0.1 at 2014-04-18 11:07:43 +0700
  [1m[36mActiveRecord::SchemaMigration Load (0.2ms)[0m  [1mSELECT "schema_migrations".* FROM "schema_migrations"[0m
Processing by ProductsController#index as HTML
  [1m[35mProduct Load (0.2ms)[0m  SELECT "products".* FROM "products"
  Rendered products/index.html.erb within layouts/application (2.8ms)
Completed 500 Internal Server Error in 54ms

LoadError (cannot load such file -- less
  (in /home/lacrima/Meow/test_bootstrap/store/app/assets/stylesheets/bootstrap_and_overrides.css.less)):
  app/views/layouts/application.html.erb:5:in `_app_views_layouts_application_html_erb___1463229107075990605_33429480'


  Rendered /usr/lib/ruby/gems/1.9.1/gems/actionpack-4.0.4/lib/action_dispatch/middleware/templates/rescues/_source.erb (0.6ms)
  Rendered /usr/lib/ruby/gems/1.9.1/gems/actionpack-4.0.4/lib/action_dispatch/middleware/templates/rescues/_trace.erb (0.9ms)
  Rendered /usr/lib/ruby/gems/1.9.1/gems/actionpack-4.0.4/lib/action_dispatch/middleware/templates/rescues/_request_and_response.erb (0.8ms)
  Rendered /usr/lib/ruby/gems/1.9.1/gems/actionpack-4.0.4/lib/action_dispatch/middleware/templates/rescues/diagnostics.erb within rescues/layout (10.0ms)


Started GET "/products" for 127.0.0.1 at 2014-04-18 11:07:46 +0700
Processing by ProductsController#index as HTML
  [1m[36mProduct Load (0.3ms)[0m  [1mSELECT "products".* FROM "products"[0m
  Rendered products/index.html.erb within layouts/application (1.4ms)
Completed 500 Internal Server Error in 10ms

LoadError (cannot load such file -- less
  (in /home/lacrima/Meow/test_bootstrap/store/app/assets/stylesheets/bootstrap_and_overrides.css.less)):
  app/views/layouts/application.html.erb:5:in `_app_views_layouts_application_html_erb___1463229107075990605_33429480'


  Rendered /usr/lib/ruby/gems/1.9.1/gems/actionpack-4.0.4/lib/action_dispatch/middleware/templates/rescues/_source.erb (0.7ms)
  Rendered /usr/lib/ruby/gems/1.9.1/gems/actionpack-4.0.4/lib/action_dispatch/middleware/templates/rescues/_trace.erb (0.9ms)
  Rendered /usr/lib/ruby/gems/1.9.1/gems/actionpack-4.0.4/lib/action_dispatch/middleware/templates/rescues/_request_and_response.erb (0.8ms)
  Rendered /usr/lib/ruby/gems/1.9.1/gems/actionpack-4.0.4/lib/action_dispatch/middleware/templates/rescues/diagnostics.erb within rescues/layout (11.0ms)


Started GET "/products" for 127.0.0.1 at 2014-04-18 11:07:48 +0700
Processing by ProductsController#index as HTML
  [1m[35mProduct Load (0.3ms)[0m  SELECT "products".* FROM "products"
  Rendered products/index.html.erb within layouts/application (1.4ms)
Completed 500 Internal Server Error in 9ms

LoadError (cannot load such file -- less
  (in /home/lacrima/Meow/test_bootstrap/store/app/assets/stylesheets/bootstrap_and_overrides.css.less)):
  app/views/layouts/application.html.erb:5:in `_app_views_layouts_application_html_erb___1463229107075990605_33429480'


  Rendered /usr/lib/ruby/gems/1.9.1/gems/actionpack-4.0.4/lib/action_dispatch/middleware/templates/rescues/_source.erb (0.9ms)
  Rendered /usr/lib/ruby/gems/1.9.1/gems/actionpack-4.0.4/lib/action_dispatch/middleware/templates/rescues/_trace.erb (1.0ms)
  Rendered /usr/lib/ruby/gems/1.9.1/gems/actionpack-4.0.4/lib/action_dispatch/middleware/templates/rescues/_request_and_response.erb (0.8ms)
  Rendered /usr/lib/ruby/gems/1.9.1/gems/actionpack-4.0.4/lib/action_dispatch/middleware/templates/rescues/diagnostics.erb within rescues/layout (11.1ms)


Started GET "/products" for 127.0.0.1 at 2014-04-18 11:38:09 +0700
  [1m[36mActiveRecord::SchemaMigration Load (0.1ms)[0m  [1mSELECT "schema_migrations".* FROM "schema_migrations"[0m
Processing by ProductsController#index as HTML
  [1m[35mProduct Load (0.2ms)[0m  SELECT "products".* FROM "products"
  Rendered products/index.html.erb within layouts/application (3.0ms)
Completed 500 Internal Server Error in 161ms

ActionView::Template::Error ('twitter/bootstrap/bootstrap.less' wasn't found
  (in /home/lacrima/Meow/test_bootstrap/store/app/assets/stylesheets/bootstrap_and_overrides.css.less)):
    2: <html>
    3: <head>
    4:   <title>Store</title>
    5:   <%= stylesheet_link_tag    "application", media: "all", "data-turbolinks-track" => true %>
    6:   <%= javascript_include_tag "application", "data-turbolinks-track" => true %>
    7:   <%= csrf_meta_tags %>
    8: </head>
  app/views/layouts/application.html.erb:5:in `_app_views_layouts_application_html_erb___118734519651698971_26698380'


  Rendered /usr/lib/ruby/gems/1.9.1/gems/actionpack-4.0.4/lib/action_dispatch/middleware/templates/rescues/_trace.erb (1.1ms)
  Rendered /usr/lib/ruby/gems/1.9.1/gems/actionpack-4.0.4/lib/action_dispatch/middleware/templates/rescues/_request_and_response.erb (28.4ms)
  Rendered /usr/lib/ruby/gems/1.9.1/gems/actionpack-4.0.4/lib/action_dispatch/middleware/templates/rescues/template_error.erb within rescues/layout (35.8ms)


Started GET "/products" for 127.0.0.1 at 2014-04-18 11:41:46 +0700
Processing by ProductsController#index as HTML
  [1m[36mProduct Load (0.2ms)[0m  [1mSELECT "products".* FROM "products"[0m
  Rendered products/index.html.erb within layouts/application (1.2ms)
Completed 500 Internal Server Error in 50ms

ActionView::Template::Error ('twitter/bootstrap/bootstrap.less' wasn't found
  (in /home/lacrima/Meow/test_bootstrap/store/app/assets/stylesheets/bootstrap_and_overrides.css.less)):
    2: <html>
    3: <head>
    4:   <title>Store</title>
    5:   <%= stylesheet_link_tag    "application", media: "all", "data-turbolinks-track" => true %>
    6:   <%= javascript_include_tag "application", "data-turbolinks-track" => true %>
    7:   <%= csrf_meta_tags %>
    8: </head>
  app/views/layouts/application.html.erb:5:in `_app_views_layouts_application_html_erb___118734519651698971_26698380'


  Rendered /usr/lib/ruby/gems/1.9.1/gems/actionpack-4.0.4/lib/action_dispatch/middleware/templates/rescues/_trace.erb (1.0ms)
  Rendered /usr/lib/ruby/gems/1.9.1/gems/actionpack-4.0.4/lib/action_dispatch/middleware/templates/rescues/_request_and_response.erb (0.8ms)
  Rendered /usr/lib/ruby/gems/1.9.1/gems/actionpack-4.0.4/lib/action_dispatch/middleware/templates/rescues/template_error.erb within rescues/layout (8.0ms)


Started GET "/products" for 127.0.0.1 at 2014-04-18 11:41:48 +0700
Processing by ProductsController#index as HTML
  [1m[35mProduct Load (0.2ms)[0m  SELECT "products".* FROM "products"
  Rendered products/index.html.erb within layouts/application (1.2ms)
Completed 500 Internal Server Error in 89ms

ActionView::Template::Error ('twitter/bootstrap/bootstrap.less' wasn't found
  (in /home/lacrima/Meow/test_bootstrap/store/app/assets/stylesheets/bootstrap_and_overrides.css.less)):
    2: <html>
    3: <head>
    4:   <title>Store</title>
    5:   <%= stylesheet_link_tag    "application", media: "all", "data-turbolinks-track" => true %>
    6:   <%= javascript_include_tag "application", "data-turbolinks-track" => true %>
    7:   <%= csrf_meta_tags %>
    8: </head>
  app/views/layouts/application.html.erb:5:in `_app_views_layouts_application_html_erb___118734519651698971_26698380'


  Rendered /usr/lib/ruby/gems/1.9.1/gems/actionpack-4.0.4/lib/action_dispatch/middleware/templates/rescues/_trace.erb (1.2ms)
  Rendered /usr/lib/ruby/gems/1.9.1/gems/actionpack-4.0.4/lib/action_dispatch/middleware/templates/rescues/_request_and_response.erb (0.8ms)
  Rendered /usr/lib/ruby/gems/1.9.1/gems/actionpack-4.0.4/lib/action_dispatch/middleware/templates/rescues/template_error.erb within rescues/layout (9.7ms)


Started GET "/products" for 127.0.0.1 at 2014-04-18 11:41:57 +0700
  [1m[36mActiveRecord::SchemaMigration Load (0.1ms)[0m  [1mSELECT "schema_migrations".* FROM "schema_migrations"[0m
Processing by ProductsController#index as HTML
  [1m[35mProduct Load (0.2ms)[0m  SELECT "products".* FROM "products"
  Rendered products/index.html.erb within layouts/application (3.6ms)
Completed 500 Internal Server Error in 167ms

ActionView::Template::Error ('twitter/bootstrap/bootstrap.less' wasn't found
  (in /home/lacrima/Meow/test_bootstrap/store/app/assets/stylesheets/bootstrap_and_overrides.css.less)):
    2: <html>
    3: <head>
    4:   <title>Store</title>
    5:   <%= stylesheet_link_tag    "application", media: "all", "data-turbolinks-track" => true %>
    6:   <%= javascript_include_tag "application", "data-turbolinks-track" => true %>
    7:   <%= csrf_meta_tags %>
    8: </head>
  app/views/layouts/application.html.erb:5:in `_app_views_layouts_application_html_erb___4202667881316914847_35112400'


  Rendered /usr/lib/ruby/gems/1.9.1/gems/actionpack-4.0.4/lib/action_dispatch/middleware/templates/rescues/_trace.erb (1.0ms)
  Rendered /usr/lib/ruby/gems/1.9.1/gems/actionpack-4.0.4/lib/action_dispatch/middleware/templates/rescues/_request_and_response.erb (0.7ms)
  Rendered /usr/lib/ruby/gems/1.9.1/gems/actionpack-4.0.4/lib/action_dispatch/middleware/templates/rescues/template_error.erb within rescues/layout (8.0ms)


Started GET "/products" for 127.0.0.1 at 2014-04-18 11:44:25 +0700
Processing by ProductsController#index as HTML
  [1m[36mProduct Load (0.2ms)[0m  [1mSELECT "products".* FROM "products"[0m
  Rendered products/index.html.erb within layouts/application (1.4ms)
Completed 500 Internal Server Error in 103ms

ActionView::Template::Error ('twitter/bootstrap/bootstrap.less' wasn't found
  (in /home/lacrima/Meow/test_bootstrap/store/app/assets/stylesheets/bootstrap_and_overrides.css.less)):
    2: <html>
    3: <head>
    4:   <title>Store</title>
    5:   <%= stylesheet_link_tag    "application", media: "all", "data-turbolinks-track" => true %>
    6:   <%= javascript_include_tag "application", "data-turbolinks-track" => true %>
    7:   <%= csrf_meta_tags %>
    8: </head>
  app/views/layouts/application.html.erb:5:in `_app_views_layouts_application_html_erb___4202667881316914847_35112400'


  Rendered /usr/lib/ruby/gems/1.9.1/gems/actionpack-4.0.4/lib/action_dispatch/middleware/templates/rescues/_trace.erb (1.0ms)
  Rendered /usr/lib/ruby/gems/1.9.1/gems/actionpack-4.0.4/lib/action_dispatch/middleware/templates/rescues/_request_and_response.erb (0.7ms)
  Rendered /usr/lib/ruby/gems/1.9.1/gems/actionpack-4.0.4/lib/action_dispatch/middleware/templates/rescues/template_error.erb within rescues/layout (7.5ms)


Started GET "/search/index" for 127.0.0.1 at 2014-04-18 12:37:50 +0700
  [1m[36mActiveRecord::SchemaMigration Load (0.2ms)[0m  [1mSELECT "schema_migrations".* FROM "schema_migrations"[0m

ActionController::RoutingError (No route matches [GET] "/search/index"):
  actionpack (4.0.4) lib/action_dispatch/middleware/debug_exceptions.rb:21:in `call'
  actionpack (4.0.4) lib/action_dispatch/middleware/show_exceptions.rb:30:in `call'
  railties (4.0.4) lib/rails/rack/logger.rb:38:in `call_app'
  railties (4.0.4) lib/rails/rack/logger.rb:20:in `block in call'
  activesupport (4.0.4) lib/active_support/tagged_logging.rb:68:in `block in tagged'
  activesupport (4.0.4) lib/active_support/tagged_logging.rb:26:in `tagged'
  activesupport (4.0.4) lib/active_support/tagged_logging.rb:68:in `tagged'
  railties (4.0.4) lib/rails/rack/logger.rb:20:in `call'
  actionpack (4.0.4) lib/action_dispatch/middleware/request_id.rb:21:in `call'
  rack (1.5.2) lib/rack/methodoverride.rb:21:in `call'
  rack (1.5.2) lib/rack/runtime.rb:17:in `call'
  activesupport (4.0.4) lib/active_support/cache/strategy/local_cache.rb:83:in `call'
  rack (1.5.2) lib/rack/lock.rb:17:in `call'
  actionpack (4.0.4) lib/action_dispatch/middleware/static.rb:64:in `call'
  rack (1.5.2) lib/rack/sendfile.rb:112:in `call'
  railties (4.0.4) lib/rails/engine.rb:511:in `call'
  railties (4.0.4) lib/rails/application.rb:97:in `call'
  rack (1.5.2) lib/rack/lock.rb:17:in `call'
  rack (1.5.2) lib/rack/content_length.rb:14:in `call'
  rack (1.5.2) lib/rack/handler/webrick.rb:60:in `service'
  /usr/lib/ruby/1.9.1/webrick/httpserver.rb:138:in `service'
  /usr/lib/ruby/1.9.1/webrick/httpserver.rb:94:in `run'
  /usr/lib/ruby/1.9.1/webrick/server.rb:191:in `block in start_thread'


  Rendered /usr/lib/ruby/gems/1.9.1/gems/actionpack-4.0.4/lib/action_dispatch/middleware/templates/rescues/_trace.erb (0.8ms)
  Rendered /usr/lib/ruby/gems/1.9.1/gems/actionpack-4.0.4/lib/action_dispatch/middleware/templates/routes/_route.html.erb (1.2ms)
  Rendered /usr/lib/ruby/gems/1.9.1/gems/actionpack-4.0.4/lib/action_dispatch/middleware/templates/routes/_table.html.erb (46.2ms)
  Rendered /usr/lib/ruby/gems/1.9.1/gems/actionpack-4.0.4/lib/action_dispatch/middleware/templates/rescues/routing_error.erb within rescues/layout (75.4ms)


Started GET "/products" for 127.0.0.1 at 2014-04-18 12:37:58 +0700
Processing by ProductsController#index as HTML
  [1m[35mProduct Load (0.2ms)[0m  SELECT "products".* FROM "products"
  Rendered products/index.html.erb within layouts/application (1.9ms)
Completed 500 Internal Server Error in 115ms

ActionView::Template::Error ('twitter/bootstrap/bootstrap.less' wasn't found
  (in /home/lacrima/Meow/test_bootstrap/store/app/assets/stylesheets/bootstrap_and_overrides.css.less)):
    2: <html>
    3: <head>
    4:   <title>Store</title>
    5:   <%= stylesheet_link_tag    "application", media: "all", "data-turbolinks-track" => true %>
    6:   <%= javascript_include_tag "application", "data-turbolinks-track" => true %>
    7:   <%= csrf_meta_tags %>
    8: </head>
  app/views/layouts/application.html.erb:5:in `_app_views_layouts_application_html_erb___1781363088632409675_70317445134180'


  Rendered /usr/lib/ruby/gems/1.9.1/gems/actionpack-4.0.4/lib/action_dispatch/middleware/templates/rescues/_trace.erb (29.1ms)
  Rendered /usr/lib/ruby/gems/1.9.1/gems/actionpack-4.0.4/lib/action_dispatch/middleware/templates/rescues/_request_and_response.erb (1.3ms)
  Rendered /usr/lib/ruby/gems/1.9.1/gems/actionpack-4.0.4/lib/action_dispatch/middleware/templates/rescues/template_error.erb within rescues/layout (37.3ms)


Started GET "/products" for 127.0.0.1 at 2014-04-18 12:42:16 +0700
  [1m[36mActiveRecord::SchemaMigration Load (0.2ms)[0m  [1mSELECT "schema_migrations".* FROM "schema_migrations"[0m
Processing by ProductsController#index as HTML
  [1m[35mProduct Load (0.2ms)[0m  SELECT "products".* FROM "products"
  Rendered products/index.html.erb within layouts/application (34.9ms)
Completed 200 OK in 1657ms (Views: 1638.8ms | ActiveRecord: 0.2ms)


Started GET "/assets/bootstrap_and_overrides.css?body=1" for 127.0.0.1 at 2014-04-18 12:42:18 +0700


Started GET "/assets/twitter/bootstrap/bootstrap-transition.js?body=1" for 127.0.0.1 at 2014-04-18 12:42:18 +0700


Started GET "/assets/twitter/bootstrap/bootstrap-alert.js?body=1" for 127.0.0.1 at 2014-04-18 12:42:18 +0700


Started GET "/assets/twitter/bootstrap/bootstrap-modal.js?body=1" for 127.0.0.1 at 2014-04-18 12:42:18 +0700


Started GET "/assets/application.css?body=1" for 127.0.0.1 at 2014-04-18 12:42:18 +0700


Started GET "/assets/twitter/bootstrap/bootstrap-dropdown.js?body=1" for 127.0.0.1 at 2014-04-18 12:42:18 +0700


Started GET "/assets/twitter/bootstrap/bootstrap-scrollspy.js?body=1" for 127.0.0.1 at 2014-04-18 12:42:18 +0700


Started GET "/assets/twitter/bootstrap/bootstrap-tab.js?body=1" for 127.0.0.1 at 2014-04-18 12:42:18 +0700


Started GET "/assets/twitter/bootstrap/bootstrap-tooltip.js?body=1" for 127.0.0.1 at 2014-04-18 12:42:18 +0700


Started GET "/assets/jquery_ujs.js?body=1" for 127.0.0.1 at 2014-04-18 12:42:18 +0700


Started GET "/assets/jquery.js?body=1" for 127.0.0.1 at 2014-04-18 12:42:18 +0700


Started GET "/assets/twitter/bootstrap/bootstrap-popover.js?body=1" for 127.0.0.1 at 2014-04-18 12:42:18 +0700


Started GET "/assets/twitter/bootstrap/bootstrap-button.js?body=1" for 127.0.0.1 at 2014-04-18 12:42:18 +0700


Started GET "/assets/twitter/bootstrap/bootstrap-collapse.js?body=1" for 127.0.0.1 at 2014-04-18 12:42:18 +0700


Started GET "/assets/twitter/bootstrap/bootstrap-affix.js?body=1" for 127.0.0.1 at 2014-04-18 12:42:19 +0700


Started GET "/assets/twitter/bootstrap/bootstrap-typeahead.js?body=1" for 127.0.0.1 at 2014-04-18 12:42:19 +0700


Started GET "/assets/twitter/bootstrap.js?body=1" for 127.0.0.1 at 2014-04-18 12:42:19 +0700


Started GET "/assets/twitter/bootstrap/bootstrap-carousel.js?body=1" for 127.0.0.1 at 2014-04-18 12:42:19 +0700


Started GET "/assets/bootstrap.js?body=1" for 127.0.0.1 at 2014-04-18 12:42:19 +0700


Started GET "/assets/turbolinks.js?body=1" for 127.0.0.1 at 2014-04-18 12:42:19 +0700


Started GET "/assets/application.js?body=1" for 127.0.0.1 at 2014-04-18 12:42:19 +0700


Started GET "/assets/products.js?body=1" for 127.0.0.1 at 2014-04-18 12:42:19 +0700


Started GET "/" for 127.0.0.1 at 2014-04-18 13:39:15 +0700
Processing by Rails::WelcomeController#index as HTML
  Rendered /usr/lib/ruby/gems/1.9.1/gems/railties-4.0.4/lib/rails/templates/rails/welcome/index.html.erb (0.8ms)
Completed 200 OK in 72ms (Views: 71.5ms | ActiveRecord: 0.0ms)


Started GET "/products" for 127.0.0.1 at 2014-04-18 15:59:20 +0700
  [1m[36mActiveRecord::SchemaMigration Load (0.1ms)[0m  [1mSELECT "schema_migrations".* FROM "schema_migrations"[0m
Processing by ProductsController#index as HTML
  [1m[35mProduct Load (0.2ms)[0m  SELECT "products".* FROM "products"
  Rendered products/index.html.erb within layouts/application (3.0ms)
Completed 200 OK in 165ms (Views: 147.2ms | ActiveRecord: 0.2ms)


Started GET "/assets/application.css?body=1" for 127.0.0.1 at 2014-04-18 15:59:20 +0700


Started GET "/assets/bootstrap_and_overrides.css?body=1" for 127.0.0.1 at 2014-04-18 15:59:20 +0700


Started GET "/assets/jquery.js?body=1" for 127.0.0.1 at 2014-04-18 15:59:20 +0700


Started GET "/assets/twitter/bootstrap/bootstrap-transition.js?body=1" for 127.0.0.1 at 2014-04-18 15:59:20 +0700


Started GET "/assets/jquery_ujs.js?body=1" for 127.0.0.1 at 2014-04-18 15:59:21 +0700


Started GET "/assets/twitter/bootstrap/bootstrap-alert.js?body=1" for 127.0.0.1 at 2014-04-18 15:59:21 +0700


Started GET "/assets/twitter/bootstrap/bootstrap-modal.js?body=1" for 127.0.0.1 at 2014-04-18 15:59:21 +0700


Started GET "/assets/twitter/bootstrap/bootstrap-dropdown.js?body=1" for 127.0.0.1 at 2014-04-18 15:59:21 +0700


Started GET "/assets/twitter/bootstrap/bootstrap-scrollspy.js?body=1" for 127.0.0.1 at 2014-04-18 15:59:21 +0700


Started GET "/assets/twitter/bootstrap/bootstrap-tab.js?body=1" for 127.0.0.1 at 2014-04-18 15:59:21 +0700


Started GET "/assets/twitter/bootstrap/bootstrap-tooltip.js?body=1" for 127.0.0.1 at 2014-04-18 15:59:21 +0700


Started GET "/assets/twitter/bootstrap/bootstrap-popover.js?body=1" for 127.0.0.1 at 2014-04-18 15:59:21 +0700


Started GET "/assets/twitter/bootstrap/bootstrap-collapse.js?body=1" for 127.0.0.1 at 2014-04-18 15:59:21 +0700


Started GET "/assets/twitter/bootstrap/bootstrap-button.js?body=1" for 127.0.0.1 at 2014-04-18 15:59:21 +0700


Started GET "/assets/twitter/bootstrap/bootstrap-carousel.js?body=1" for 127.0.0.1 at 2014-04-18 15:59:21 +0700


Started GET "/assets/twitter/bootstrap/bootstrap-typeahead.js?body=1" for 127.0.0.1 at 2014-04-18 15:59:21 +0700


Started GET "/assets/twitter/bootstrap/bootstrap-affix.js?body=1" for 127.0.0.1 at 2014-04-18 15:59:21 +0700


Started GET "/assets/twitter/bootstrap.js?body=1" for 127.0.0.1 at 2014-04-18 15:59:21 +0700


Started GET "/assets/bootstrap.js?body=1" for 127.0.0.1 at 2014-04-18 15:59:21 +0700


Started GET "/assets/turbolinks.js?body=1" for 127.0.0.1 at 2014-04-18 15:59:21 +0700


Started GET "/assets/products.js?body=1" for 127.0.0.1 at 2014-04-18 15:59:21 +0700


Started GET "/assets/application.js?body=1" for 127.0.0.1 at 2014-04-18 15:59:21 +0700


Started GET "/products" for 127.0.0.1 at 2014-04-18 16:03:04 +0700
Processing by ProductsController#index as HTML
  [1m[36mProduct Load (0.2ms)[0m  [1mSELECT "products".* FROM "products"[0m
  Rendered products/index.html.erb within layouts/application (1.5ms)
Completed 200 OK in 11ms (Views: 10.0ms | ActiveRecord: 0.2ms)


Started GET "/assets/application.css?body=1" for 127.0.0.1 at 2014-04-18 16:03:04 +0700


Started GET "/assets/application.js?body=1" for 127.0.0.1 at 2014-04-18 16:03:04 +0700


Started GET "/assets/jquery_ujs.js?body=1" for 127.0.0.1 at 2014-04-18 16:03:04 +0700


Started GET "/assets/turbolinks.js?body=1" for 127.0.0.1 at 2014-04-18 16:03:04 +0700


Started GET "/assets/products.js?body=1" for 127.0.0.1 at 2014-04-18 16:03:04 +0700


Started GET "/assets/jquery.js?body=1" for 127.0.0.1 at 2014-04-18 16:03:04 +0700


Started GET "/products" for 127.0.0.1 at 2014-04-18 16:07:10 +0700
Processing by ProductsController#index as HTML
  [1m[35mProduct Load (0.3ms)[0m  SELECT "products".* FROM "products"
  Rendered products/index.html.erb within layouts/application (2.6ms)
Completed 200 OK in 10ms (Views: 8.4ms | ActiveRecord: 0.3ms)


Started GET "/assets/application.css?body=1" for 127.0.0.1 at 2014-04-18 16:07:10 +0700


Started GET "/assets/jquery.js?body=1" for 127.0.0.1 at 2014-04-18 16:07:10 +0700


Started GET "/assets/turbolinks.js?body=1" for 127.0.0.1 at 2014-04-18 16:07:10 +0700


Started GET "/assets/jquery_ujs.js?body=1" for 127.0.0.1 at 2014-04-18 16:07:10 +0700


Started GET "/assets/products.js?body=1" for 127.0.0.1 at 2014-04-18 16:07:11 +0700


Started GET "/assets/application.js?body=1" for 127.0.0.1 at 2014-04-18 16:07:11 +0700


Started GET "/products" for 127.0.0.1 at 2014-04-18 16:24:37 +0700
Processing by ProductsController#index as HTML
  [1m[36mProduct Load (0.3ms)[0m  [1mSELECT "products".* FROM "products"[0m
  Rendered products/index.html.erb within layouts/application (1.7ms)
Completed 200 OK in 12ms (Views: 10.6ms | ActiveRecord: 0.3ms)


Started GET "/assets/application.css?body=1" for 127.0.0.1 at 2014-04-18 16:24:37 +0700


Started GET "/assets/jquery.js?body=1" for 127.0.0.1 at 2014-04-18 16:24:37 +0700


Started GET "/assets/jquery_ujs.js?body=1" for 127.0.0.1 at 2014-04-18 16:24:37 +0700


Started GET "/assets/twitter/bootstrap/bootstrap-modal.js?body=1" for 127.0.0.1 at 2014-04-18 16:24:37 +0700


Started GET "/assets/twitter/bootstrap/bootstrap-dropdown.js?body=1" for 127.0.0.1 at 2014-04-18 16:24:37 +0700


Started GET "/assets/twitter/bootstrap/bootstrap-scrollspy.js?body=1" for 127.0.0.1 at 2014-04-18 16:24:37 +0700


Started GET "/assets/twitter/bootstrap/bootstrap-tooltip.js?body=1" for 127.0.0.1 at 2014-04-18 16:24:37 +0700


Started GET "/assets/twitter/bootstrap/bootstrap-tab.js?body=1" for 127.0.0.1 at 2014-04-18 16:24:37 +0700


Started GET "/assets/products.js?body=1" for 127.0.0.1 at 2014-04-18 16:24:37 +0700


Started GET "/assets/application.js?body=1" for 127.0.0.1 at 2014-04-18 16:24:37 +0700


Started GET "/assets/turbolinks.js?body=1" for 127.0.0.1 at 2014-04-18 16:24:37 +0700


Started GET "/products" for 127.0.0.1 at 2014-04-18 16:26:23 +0700
Processing by ProductsController#index as HTML
  [1m[35mProduct Load (0.5ms)[0m  SELECT "products".* FROM "products"
  Rendered products/index.html.erb within layouts/application (1.5ms)
Completed 200 OK in 9ms (Views: 7.4ms | ActiveRecord: 0.5ms)


Started GET "/assets/application.css?body=1" for 127.0.0.1 at 2014-04-18 16:26:23 +0700


Started GET "/assets/jquery.js?body=1" for 127.0.0.1 at 2014-04-18 16:26:23 +0700


Started GET "/assets/jquery_ujs.js?body=1" for 127.0.0.1 at 2014-04-18 16:26:23 +0700


Started GET "/assets/twitter/bootstrap/bootstrap-modal.js?body=1" for 127.0.0.1 at 2014-04-18 16:26:23 +0700


Started GET "/assets/twitter/bootstrap/bootstrap-scrollspy.js?body=1" for 127.0.0.1 at 2014-04-18 16:26:23 +0700


Started GET "/assets/twitter/bootstrap/bootstrap-dropdown.js?body=1" for 127.0.0.1 at 2014-04-18 16:26:23 +0700


Started GET "/assets/twitter/bootstrap/bootstrap-tab.js?body=1" for 127.0.0.1 at 2014-04-18 16:26:23 +0700


Started GET "/assets/twitter/bootstrap/bootstrap-tooltip.js?body=1" for 127.0.0.1 at 2014-04-18 16:26:23 +0700


Started GET "/assets/turbolinks.js?body=1" for 127.0.0.1 at 2014-04-18 16:26:23 +0700


Started GET "/assets/products.js?body=1" for 127.0.0.1 at 2014-04-18 16:26:23 +0700


Started GET "/assets/application.js?body=1" for 127.0.0.1 at 2014-04-18 16:26:23 +0700


Started GET "/products" for 127.0.0.1 at 2014-04-18 16:28:10 +0700
Processing by ProductsController#index as HTML
  [1m[36mProduct Load (0.2ms)[0m  [1mSELECT "products".* FROM "products"[0m
  Rendered products/index.html.erb within layouts/application (1.4ms)
Completed 200 OK in 49ms (Views: 47.2ms | ActiveRecord: 0.2ms)


Started GET "/assets/application.css?body=1" for 127.0.0.1 at 2014-04-18 16:28:10 +0700


Started GET "/assets/jquery.js?body=1" for 127.0.0.1 at 2014-04-18 16:28:10 +0700


Started GET "/assets/twitter/bootstrap/bootstrap-modal.js?body=1" for 127.0.0.1 at 2014-04-18 16:28:10 +0700


Started GET "/assets/twitter/bootstrap/bootstrap-dropdown.js?body=1" for 127.0.0.1 at 2014-04-18 16:28:10 +0700


Started GET "/assets/jquery_ujs.js?body=1" for 127.0.0.1 at 2014-04-18 16:28:10 +0700


Started GET "/assets/twitter/bootstrap/bootstrap-scrollspy.js?body=1" for 127.0.0.1 at 2014-04-18 16:28:10 +0700


Started GET "/assets/twitter/bootstrap/bootstrap-tab.js?body=1" for 127.0.0.1 at 2014-04-18 16:28:10 +0700


Started GET "/assets/twitter/bootstrap/bootstrap-tooltip.js?body=1" for 127.0.0.1 at 2014-04-18 16:28:10 +0700


Started GET "/assets/turbolinks.js?body=1" for 127.0.0.1 at 2014-04-18 16:28:10 +0700


Started GET "/assets/products.js?body=1" for 127.0.0.1 at 2014-04-18 16:28:10 +0700


Started GET "/assets/application.js?body=1" for 127.0.0.1 at 2014-04-18 16:28:10 +0700


Started GET "/products" for 127.0.0.1 at 2014-04-18 16:29:07 +0700
Processing by ProductsController#index as HTML
  [1m[35mProduct Load (0.2ms)[0m  SELECT "products".* FROM "products"
  Rendered products/index.html.erb within layouts/application (1.1ms)
Completed 200 OK in 9ms (Views: 7.7ms | ActiveRecord: 0.2ms)


Started GET "/assets/application.css?body=1" for 127.0.0.1 at 2014-04-18 16:29:07 +0700


Started GET "/assets/bootstrap_and_overrides.css?body=1" for 127.0.0.1 at 2014-04-18 16:29:07 +0700


Started GET "/assets/jquery_ujs.js?body=1" for 127.0.0.1 at 2014-04-18 16:29:07 +0700


Started GET "/assets/jquery.js?body=1" for 127.0.0.1 at 2014-04-18 16:29:07 +0700


Started GET "/assets/twitter/bootstrap/bootstrap-modal.js?body=1" for 127.0.0.1 at 2014-04-18 16:29:07 +0700


Started GET "/assets/twitter/bootstrap/bootstrap-dropdown.js?body=1" for 127.0.0.1 at 2014-04-18 16:29:07 +0700


Started GET "/assets/twitter/bootstrap/bootstrap-scrollspy.js?body=1" for 127.0.0.1 at 2014-04-18 16:29:07 +0700


Started GET "/assets/twitter/bootstrap/bootstrap-tab.js?body=1" for 127.0.0.1 at 2014-04-18 16:29:07 +0700


Started GET "/assets/twitter/bootstrap/bootstrap-tooltip.js?body=1" for 127.0.0.1 at 2014-04-18 16:29:07 +0700


Started GET "/assets/turbolinks.js?body=1" for 127.0.0.1 at 2014-04-18 16:29:07 +0700


Started GET "/assets/products.js?body=1" for 127.0.0.1 at 2014-04-18 16:29:07 +0700


Started GET "/assets/bootstrap.js?body=1" for 127.0.0.1 at 2014-04-18 16:29:07 +0700


Started GET "/assets/application.js?body=1" for 127.0.0.1 at 2014-04-18 16:29:07 +0700


Started GET "/assets/fontawesome-webfont.woff" for 127.0.0.1 at 2014-04-18 16:30:16 +0700


Started GET "/products" for 127.0.0.1 at 2014-04-18 16:31:01 +0700
Processing by ProductsController#index as HTML
  [1m[36mProduct Load (0.3ms)[0m  [1mSELECT "products".* FROM "products"[0m
  Rendered products/index.html.erb within layouts/application (2.8ms)
Completed 200 OK in 14ms (Views: 12.6ms | ActiveRecord: 0.3ms)


Started GET "/products" for 127.0.0.1 at 2014-04-18 16:31:04 +0700
Processing by ProductsController#index as HTML
  [1m[35mProduct Load (0.3ms)[0m  SELECT "products".* FROM "products"
  Rendered products/index.html.erb within layouts/application (1.3ms)
Completed 200 OK in 12ms (Views: 10.3ms | ActiveRecord: 0.3ms)


Started GET "/products" for 127.0.0.1 at 2014-04-18 16:31:05 +0700
Processing by ProductsController#index as HTML
  [1m[36mProduct Load (0.2ms)[0m  [1mSELECT "products".* FROM "products"[0m
  Rendered products/index.html.erb within layouts/application (0.8ms)
Completed 200 OK in 7ms (Views: 6.1ms | ActiveRecord: 0.2ms)


Started GET "/products" for 127.0.0.1 at 2014-04-18 16:31:05 +0700
Processing by ProductsController#index as HTML
  [1m[35mProduct Load (0.2ms)[0m  SELECT "products".* FROM "products"
  Rendered products/index.html.erb within layouts/application (0.7ms)
Completed 200 OK in 9ms (Views: 8.2ms | ActiveRecord: 0.2ms)


Started GET "/products" for 127.0.0.1 at 2014-04-18 16:31:06 +0700
Processing by ProductsController#index as HTML
  [1m[36mProduct Load (0.2ms)[0m  [1mSELECT "products".* FROM "products"[0m
  Rendered products/index.html.erb within layouts/application (0.7ms)
Completed 200 OK in 7ms (Views: 5.9ms | ActiveRecord: 0.2ms)


Started GET "/products" for 127.0.0.1 at 2014-04-18 16:31:09 +0700
Processing by ProductsController#index as HTML
  [1m[35mProduct Load (0.2ms)[0m  SELECT "products".* FROM "products"
  Rendered products/index.html.erb within layouts/application (0.7ms)
Completed 200 OK in 6ms (Views: 5.7ms | ActiveRecord: 0.2ms)


Started GET "/products" for 127.0.0.1 at 2014-04-18 16:31:10 +0700
Processing by ProductsController#index as HTML
  [1m[36mProduct Load (0.2ms)[0m  [1mSELECT "products".* FROM "products"[0m
  Rendered products/index.html.erb within layouts/application (1.0ms)
Completed 200 OK in 8ms (Views: 6.6ms | ActiveRecord: 0.2ms)


Started GET "/assets/application.css?body=1" for 127.0.0.1 at 2014-04-18 16:31:10 +0700


Started GET "/assets/jquery_ujs.js?body=1" for 127.0.0.1 at 2014-04-18 16:31:10 +0700


Started GET "/assets/jquery.js?body=1" for 127.0.0.1 at 2014-04-18 16:31:10 +0700


Started GET "/assets/twitter/bootstrap/bootstrap-alert.js?body=1" for 127.0.0.1 at 2014-04-18 16:31:10 +0700


Started GET "/assets/twitter/bootstrap/bootstrap-transition.js?body=1" for 127.0.0.1 at 2014-04-18 16:31:10 +0700


Started GET "/assets/bootstrap_and_overrides.css?body=1" for 127.0.0.1 at 2014-04-18 16:31:10 +0700


Started GET "/assets/twitter/bootstrap/bootstrap-modal.js?body=1" for 127.0.0.1 at 2014-04-18 16:31:10 +0700


Started GET "/assets/twitter/bootstrap/bootstrap-dropdown.js?body=1" for 127.0.0.1 at 2014-04-18 16:31:10 +0700


Started GET "/assets/twitter/bootstrap/bootstrap-scrollspy.js?body=1" for 127.0.0.1 at 2014-04-18 16:31:10 +0700


Started GET "/assets/twitter/bootstrap/bootstrap-tab.js?body=1" for 127.0.0.1 at 2014-04-18 16:31:10 +0700


Started GET "/assets/twitter/bootstrap/bootstrap-tooltip.js?body=1" for 127.0.0.1 at 2014-04-18 16:31:10 +0700


Started GET "/assets/twitter/bootstrap/bootstrap-popover.js?body=1" for 127.0.0.1 at 2014-04-18 16:31:10 +0700


Started GET "/assets/twitter/bootstrap/bootstrap-button.js?body=1" for 127.0.0.1 at 2014-04-18 16:31:10 +0700


Started GET "/assets/twitter/bootstrap/bootstrap-carousel.js?body=1" for 127.0.0.1 at 2014-04-18 16:31:10 +0700


Started GET "/assets/twitter/bootstrap/bootstrap-collapse.js?body=1" for 127.0.0.1 at 2014-04-18 16:31:10 +0700


Started GET "/assets/twitter/bootstrap/bootstrap-typeahead.js?body=1" for 127.0.0.1 at 2014-04-18 16:31:10 +0700


Started GET "/assets/twitter/bootstrap.js?body=1" for 127.0.0.1 at 2014-04-18 16:31:10 +0700


Started GET "/assets/turbolinks.js?body=1" for 127.0.0.1 at 2014-04-18 16:31:10 +0700


Started GET "/assets/twitter/bootstrap/bootstrap-affix.js?body=1" for 127.0.0.1 at 2014-04-18 16:31:10 +0700


Started GET "/assets/bootstrap.js?body=1" for 127.0.0.1 at 2014-04-18 16:31:10 +0700


Started GET "/assets/products.js?body=1" for 127.0.0.1 at 2014-04-18 16:31:10 +0700


Started GET "/assets/application.js?body=1" for 127.0.0.1 at 2014-04-18 16:31:10 +0700


Started GET "/products" for 127.0.0.1 at 2014-04-18 16:34:11 +0700
Processing by ProductsController#index as HTML
  [1m[35mProduct Load (0.3ms)[0m  SELECT "products".* FROM "products"
  Rendered products/index.html.erb within layouts/application (1.8ms)
Completed 200 OK in 50ms (Views: 49.0ms | ActiveRecord: 0.3ms)


Started GET "/assets/application.css?body=1" for 127.0.0.1 at 2014-04-18 16:34:11 +0700


Started GET "/assets/twitter/bootstrap/bootstrap-alert.js?body=1" for 127.0.0.1 at 2014-04-18 16:34:11 +0700


Started GET "/assets/jquery_ujs.js?body=1" for 127.0.0.1 at 2014-04-18 16:34:11 +0700


Started GET "/assets/jquery.js?body=1" for 127.0.0.1 at 2014-04-18 16:34:11 +0700


Started GET "/assets/bootstrap_and_overrides.css?body=1" for 127.0.0.1 at 2014-04-18 16:34:11 +0700


Started GET "/assets/twitter/bootstrap/bootstrap-modal.js?body=1" for 127.0.0.1 at 2014-04-18 16:34:11 +0700


Started GET "/assets/twitter/bootstrap/bootstrap-transition.js?body=1" for 127.0.0.1 at 2014-04-18 16:34:11 +0700


Started GET "/assets/twitter/bootstrap/bootstrap-dropdown.js?body=1" for 127.0.0.1 at 2014-04-18 16:34:11 +0700


Started GET "/assets/twitter/bootstrap/bootstrap-scrollspy.js?body=1" for 127.0.0.1 at 2014-04-18 16:34:11 +0700


Started GET "/assets/twitter/bootstrap/bootstrap-tab.js?body=1" for 127.0.0.1 at 2014-04-18 16:34:11 +0700


Started GET "/assets/twitter/bootstrap/bootstrap-tooltip.js?body=1" for 127.0.0.1 at 2014-04-18 16:34:11 +0700


Started GET "/assets/twitter/bootstrap/bootstrap-popover.js?body=1" for 127.0.0.1 at 2014-04-18 16:34:11 +0700


Started GET "/assets/twitter/bootstrap/bootstrap-collapse.js?body=1" for 127.0.0.1 at 2014-04-18 16:34:11 +0700


Started GET "/assets/twitter/bootstrap/bootstrap-carousel.js?body=1" for 127.0.0.1 at 2014-04-18 16:34:11 +0700


Started GET "/assets/twitter/bootstrap/bootstrap-button.js?body=1" for 127.0.0.1 at 2014-04-18 16:34:11 +0700


Started GET "/assets/twitter/bootstrap/bootstrap-typeahead.js?body=1" for 127.0.0.1 at 2014-04-18 16:34:11 +0700


Started GET "/assets/twitter/bootstrap/bootstrap-affix.js?body=1" for 127.0.0.1 at 2014-04-18 16:34:11 +0700


Started GET "/assets/twitter/bootstrap.js?body=1" for 127.0.0.1 at 2014-04-18 16:34:11 +0700


Started GET "/assets/turbolinks.js?body=1" for 127.0.0.1 at 2014-04-18 16:34:11 +0700


Started GET "/assets/bootstrap.js?body=1" for 127.0.0.1 at 2014-04-18 16:34:11 +0700


Started GET "/assets/products.js?body=1" for 127.0.0.1 at 2014-04-18 16:34:11 +0700


Started GET "/assets/application.js?body=1" for 127.0.0.1 at 2014-04-18 16:34:11 +0700


Started GET "/products" for 127.0.0.1 at 2014-04-18 16:34:30 +0700
Processing by ProductsController#index as HTML
  [1m[36mProduct Load (0.3ms)[0m  [1mSELECT "products".* FROM "products"[0m
  Rendered products/index.html.erb within layouts/application (2.1ms)
Completed 200 OK in 10ms (Views: 8.8ms | ActiveRecord: 0.3ms)


Started GET "/assets/application.css?body=1" for 127.0.0.1 at 2014-04-18 16:34:30 +0700


Started GET "/assets/jquery.js?body=1" for 127.0.0.1 at 2014-04-18 16:34:30 +0700


Started GET "/assets/jquery_ujs.js?body=1" for 127.0.0.1 at 2014-04-18 16:34:30 +0700


Started GET "/assets/bootstrap_and_overrides.css?body=1" for 127.0.0.1 at 2014-04-18 16:34:30 +0700


Started GET "/assets/twitter/bootstrap/bootstrap-alert.js?body=1" for 127.0.0.1 at 2014-04-18 16:34:30 +0700


Started GET "/assets/twitter/bootstrap/bootstrap-transition.js?body=1" for 127.0.0.1 at 2014-04-18 16:34:30 +0700


Started GET "/assets/twitter/bootstrap/bootstrap-modal.js?body=1" for 127.0.0.1 at 2014-04-18 16:34:30 +0700


Started GET "/assets/twitter/bootstrap/bootstrap-scrollspy.js?body=1" for 127.0.0.1 at 2014-04-18 16:34:30 +0700


Started GET "/assets/twitter/bootstrap/bootstrap-dropdown.js?body=1" for 127.0.0.1 at 2014-04-18 16:34:30 +0700


Started GET "/assets/twitter/bootstrap/bootstrap-tab.js?body=1" for 127.0.0.1 at 2014-04-18 16:34:30 +0700


Started GET "/assets/twitter/bootstrap/bootstrap-popover.js?body=1" for 127.0.0.1 at 2014-04-18 16:34:30 +0700


Started GET "/assets/twitter/bootstrap/bootstrap-tooltip.js?body=1" for 127.0.0.1 at 2014-04-18 16:34:30 +0700


Started GET "/assets/twitter/bootstrap/bootstrap-button.js?body=1" for 127.0.0.1 at 2014-04-18 16:34:30 +0700


Started GET "/assets/twitter/bootstrap/bootstrap-collapse.js?body=1" for 127.0.0.1 at 2014-04-18 16:34:30 +0700


Started GET "/assets/twitter/bootstrap/bootstrap-carousel.js?body=1" for 127.0.0.1 at 2014-04-18 16:34:30 +0700


Started GET "/assets/twitter/bootstrap/bootstrap-typeahead.js?body=1" for 127.0.0.1 at 2014-04-18 16:34:30 +0700


Started GET "/assets/twitter/bootstrap/bootstrap-affix.js?body=1" for 127.0.0.1 at 2014-04-18 16:34:30 +0700


Started GET "/assets/twitter/bootstrap.js?body=1" for 127.0.0.1 at 2014-04-18 16:34:30 +0700


Started GET "/assets/turbolinks.js?body=1" for 127.0.0.1 at 2014-04-18 16:34:30 +0700


Started GET "/assets/products.js?body=1" for 127.0.0.1 at 2014-04-18 16:34:30 +0700


Started GET "/assets/bootstrap.js?body=1" for 127.0.0.1 at 2014-04-18 16:34:30 +0700


Started GET "/assets/application.js?body=1" for 127.0.0.1 at 2014-04-18 16:34:30 +0700


Started GET "/products" for 127.0.0.1 at 2014-04-18 16:35:26 +0700
Processing by ProductsController#index as HTML
  [1m[35mProduct Load (0.2ms)[0m  SELECT "products".* FROM "products"
  Rendered products/index.html.erb within layouts/application (1.0ms)
Completed 200 OK in 8ms (Views: 6.4ms | ActiveRecord: 0.2ms)


Started GET "/assets/application.css?body=1" for 127.0.0.1 at 2014-04-18 16:35:26 +0700


Started GET "/assets/jquery_ujs.js?body=1" for 127.0.0.1 at 2014-04-18 16:35:26 +0700


Started GET "/assets/bootstrap_and_overrides.css?body=1" for 127.0.0.1 at 2014-04-18 16:35:26 +0700


Started GET "/assets/jquery.js?body=1" for 127.0.0.1 at 2014-04-18 16:35:26 +0700


Started GET "/assets/twitter/bootstrap/bootstrap-transition.js?body=1" for 127.0.0.1 at 2014-04-18 16:35:26 +0700


Started GET "/assets/twitter/bootstrap/bootstrap-alert.js?body=1" for 127.0.0.1 at 2014-04-18 16:35:26 +0700


Started GET "/assets/twitter/bootstrap/bootstrap-scrollspy.js?body=1" for 127.0.0.1 at 2014-04-18 16:35:26 +0700


Started GET "/assets/twitter/bootstrap/bootstrap-tab.js?body=1" for 127.0.0.1 at 2014-04-18 16:35:26 +0700


Started GET "/assets/twitter/bootstrap/bootstrap-dropdown.js?body=1" for 127.0.0.1 at 2014-04-18 16:35:26 +0700


Started GET "/assets/twitter/bootstrap/bootstrap-modal.js?body=1" for 127.0.0.1 at 2014-04-18 16:35:26 +0700


Started GET "/assets/twitter/bootstrap/bootstrap-tooltip.js?body=1" for 127.0.0.1 at 2014-04-18 16:35:26 +0700


Started GET "/assets/twitter/bootstrap/bootstrap-popover.js?body=1" for 127.0.0.1 at 2014-04-18 16:35:26 +0700


Started GET "/assets/twitter/bootstrap/bootstrap-button.js?body=1" for 127.0.0.1 at 2014-04-18 16:35:26 +0700


Started GET "/assets/twitter/bootstrap/bootstrap-carousel.js?body=1" for 127.0.0.1 at 2014-04-18 16:35:26 +0700


Started GET "/assets/twitter/bootstrap/bootstrap-collapse.js?body=1" for 127.0.0.1 at 2014-04-18 16:35:26 +0700


Started GET "/assets/twitter/bootstrap/bootstrap-affix.js?body=1" for 127.0.0.1 at 2014-04-18 16:35:26 +0700


Started GET "/assets/twitter/bootstrap.js?body=1" for 127.0.0.1 at 2014-04-18 16:35:26 +0700


Started GET "/assets/twitter/bootstrap/bootstrap-typeahead.js?body=1" for 127.0.0.1 at 2014-04-18 16:35:26 +0700


Started GET "/assets/bootstrap.js?body=1" for 127.0.0.1 at 2014-04-18 16:35:26 +0700


Started GET "/assets/products.js?body=1" for 127.0.0.1 at 2014-04-18 16:35:26 +0700


Started GET "/assets/turbolinks.js?body=1" for 127.0.0.1 at 2014-04-18 16:35:26 +0700


Started GET "/assets/application.js?body=1" for 127.0.0.1 at 2014-04-18 16:35:26 +0700


Started GET "/assets/fontawesome-webfont.woff" for 127.0.0.1 at 2014-04-18 16:35:38 +0700


Started GET "/products" for 127.0.0.1 at 2014-04-18 16:40:06 +0700
Processing by ProductsController#index as HTML
  [1m[36mProduct Load (0.2ms)[0m  [1mSELECT "products".* FROM "products"[0m
  Rendered products/index.html.erb within layouts/application (0.8ms)
Completed 200 OK in 819ms (Views: 818.6ms | ActiveRecord: 0.2ms)


Started GET "/assets/application.css?body=1" for 127.0.0.1 at 2014-04-18 16:40:07 +0700


Started GET "/assets/bootstrap_and_overrides.css?body=1" for 127.0.0.1 at 2014-04-18 16:40:07 +0700


Started GET "/assets/twitter/bootstrap/bootstrap-transition.js?body=1" for 127.0.0.1 at 2014-04-18 16:40:07 +0700


Started GET "/assets/jquery_ujs.js?body=1" for 127.0.0.1 at 2014-04-18 16:40:07 +0700


Started GET "/assets/jquery.js?body=1" for 127.0.0.1 at 2014-04-18 16:40:07 +0700


Started GET "/assets/twitter/bootstrap/bootstrap-dropdown.js?body=1" for 127.0.0.1 at 2014-04-18 16:40:07 +0700


Started GET "/assets/twitter/bootstrap/bootstrap-alert.js?body=1" for 127.0.0.1 at 2014-04-18 16:40:07 +0700


Started GET "/assets/twitter/bootstrap/bootstrap-modal.js?body=1" for 127.0.0.1 at 2014-04-18 16:40:07 +0700


Started GET "/assets/twitter/bootstrap/bootstrap-tab.js?body=1" for 127.0.0.1 at 2014-04-18 16:40:07 +0700


Started GET "/assets/twitter/bootstrap/bootstrap-scrollspy.js?body=1" for 127.0.0.1 at 2014-04-18 16:40:07 +0700


Started GET "/assets/twitter/bootstrap/bootstrap-popover.js?body=1" for 127.0.0.1 at 2014-04-18 16:40:07 +0700


Started GET "/assets/twitter/bootstrap/bootstrap-button.js?body=1" for 127.0.0.1 at 2014-04-18 16:40:07 +0700


Started GET "/assets/twitter/bootstrap/bootstrap-tooltip.js?body=1" for 127.0.0.1 at 2014-04-18 16:40:07 +0700


Started GET "/assets/twitter/bootstrap/bootstrap-carousel.js?body=1" for 127.0.0.1 at 2014-04-18 16:40:07 +0700


Started GET "/assets/twitter/bootstrap/bootstrap-collapse.js?body=1" for 127.0.0.1 at 2014-04-18 16:40:07 +0700


Started GET "/assets/twitter/bootstrap/bootstrap-typeahead.js?body=1" for 127.0.0.1 at 2014-04-18 16:40:07 +0700


Started GET "/assets/twitter/bootstrap/bootstrap-affix.js?body=1" for 127.0.0.1 at 2014-04-18 16:40:07 +0700


Started GET "/assets/twitter/bootstrap.js?body=1" for 127.0.0.1 at 2014-04-18 16:40:07 +0700


Started GET "/assets/turbolinks.js?body=1" for 127.0.0.1 at 2014-04-18 16:40:07 +0700


Started GET "/assets/bootstrap.js?body=1" for 127.0.0.1 at 2014-04-18 16:40:07 +0700


Started GET "/assets/products.js?body=1" for 127.0.0.1 at 2014-04-18 16:40:07 +0700


Started GET "/assets/application.js?body=1" for 127.0.0.1 at 2014-04-18 16:40:07 +0700


Started GET "/products" for 127.0.0.1 at 2014-04-18 16:41:12 +0700
Processing by ProductsController#index as HTML
  [1m[35mProduct Load (0.2ms)[0m  SELECT "products".* FROM "products"
  Rendered products/index.html.erb within layouts/application (1.5ms)
Completed 200 OK in 781ms (Views: 779.1ms | ActiveRecord: 0.2ms)


Started GET "/assets/application.css?body=1" for 127.0.0.1 at 2014-04-18 16:41:12 +0700


Started GET "/assets/bootstrap_and_overrides.css?body=1" for 127.0.0.1 at 2014-04-18 16:41:12 +0700


Started GET "/assets/jquery.js?body=1" for 127.0.0.1 at 2014-04-18 16:41:12 +0700


Started GET "/assets/twitter/bootstrap/bootstrap-transition.js?body=1" for 127.0.0.1 at 2014-04-18 16:41:12 +0700


Started GET "/assets/jquery_ujs.js?body=1" for 127.0.0.1 at 2014-04-18 16:41:12 +0700


Started GET "/assets/twitter/bootstrap/bootstrap-modal.js?body=1" for 127.0.0.1 at 2014-04-18 16:41:12 +0700


Started GET "/assets/twitter/bootstrap/bootstrap-alert.js?body=1" for 127.0.0.1 at 2014-04-18 16:41:12 +0700


Started GET "/assets/twitter/bootstrap/bootstrap-dropdown.js?body=1" for 127.0.0.1 at 2014-04-18 16:41:12 +0700


Started GET "/assets/twitter/bootstrap/bootstrap-tab.js?body=1" for 127.0.0.1 at 2014-04-18 16:41:12 +0700


Started GET "/assets/twitter/bootstrap/bootstrap-scrollspy.js?body=1" for 127.0.0.1 at 2014-04-18 16:41:12 +0700


Started GET "/assets/twitter/bootstrap/bootstrap-tooltip.js?body=1" for 127.0.0.1 at 2014-04-18 16:41:12 +0700


Started GET "/assets/twitter/bootstrap/bootstrap-popover.js?body=1" for 127.0.0.1 at 2014-04-18 16:41:12 +0700


Started GET "/assets/twitter/bootstrap/bootstrap-button.js?body=1" for 127.0.0.1 at 2014-04-18 16:41:12 +0700


Started GET "/assets/twitter/bootstrap/bootstrap-collapse.js?body=1" for 127.0.0.1 at 2014-04-18 16:41:12 +0700


Started GET "/assets/twitter/bootstrap/bootstrap-carousel.js?body=1" for 127.0.0.1 at 2014-04-18 16:41:12 +0700


Started GET "/assets/twitter/bootstrap/bootstrap-typeahead.js?body=1" for 127.0.0.1 at 2014-04-18 16:41:12 +0700


Started GET "/assets/turbolinks.js?body=1" for 127.0.0.1 at 2014-04-18 16:41:12 +0700


Started GET "/assets/twitter/bootstrap.js?body=1" for 127.0.0.1 at 2014-04-18 16:41:12 +0700


Started GET "/assets/bootstrap.js?body=1" for 127.0.0.1 at 2014-04-18 16:41:12 +0700


Started GET "/assets/twitter/bootstrap/bootstrap-affix.js?body=1" for 127.0.0.1 at 2014-04-18 16:41:12 +0700


Started GET "/assets/products.js?body=1" for 127.0.0.1 at 2014-04-18 16:41:12 +0700


Started GET "/assets/application.js?body=1" for 127.0.0.1 at 2014-04-18 16:41:12 +0700


Started GET "/products" for 127.0.0.1 at 2014-04-18 16:41:15 +0700
Processing by ProductsController#index as HTML
  [1m[36mProduct Load (0.2ms)[0m  [1mSELECT "products".* FROM "products"[0m
  Rendered products/index.html.erb within layouts/application (1.1ms)
Completed 200 OK in 8ms (Views: 7.0ms | ActiveRecord: 0.2ms)


Started GET "/assets/application.css?body=1" for 127.0.0.1 at 2014-04-18 16:41:15 +0700


Started GET "/assets/bootstrap_and_overrides.css?body=1" for 127.0.0.1 at 2014-04-18 16:41:15 +0700


Started GET "/assets/jquery.js?body=1" for 127.0.0.1 at 2014-04-18 16:41:15 +0700


Started GET "/assets/twitter/bootstrap/bootstrap-alert.js?body=1" for 127.0.0.1 at 2014-04-18 16:41:15 +0700


Started GET "/assets/jquery_ujs.js?body=1" for 127.0.0.1 at 2014-04-18 16:41:15 +0700


Started GET "/assets/twitter/bootstrap/bootstrap-transition.js?body=1" for 127.0.0.1 at 2014-04-18 16:41:15 +0700


Started GET "/assets/twitter/bootstrap/bootstrap-dropdown.js?body=1" for 127.0.0.1 at 2014-04-18 16:41:15 +0700


Started GET "/assets/twitter/bootstrap/bootstrap-modal.js?body=1" for 127.0.0.1 at 2014-04-18 16:41:15 +0700


Started GET "/assets/twitter/bootstrap/bootstrap-scrollspy.js?body=1" for 127.0.0.1 at 2014-04-18 16:41:15 +0700


Started GET "/assets/twitter/bootstrap/bootstrap-tab.js?body=1" for 127.0.0.1 at 2014-04-18 16:41:15 +0700


Started GET "/assets/twitter/bootstrap/bootstrap-tooltip.js?body=1" for 127.0.0.1 at 2014-04-18 16:41:15 +0700


Started GET "/assets/twitter/bootstrap/bootstrap-button.js?body=1" for 127.0.0.1 at 2014-04-18 16:41:15 +0700


Started GET "/assets/twitter/bootstrap/bootstrap-popover.js?body=1" for 127.0.0.1 at 2014-04-18 16:41:15 +0700


Started GET "/assets/twitter/bootstrap/bootstrap-carousel.js?body=1" for 127.0.0.1 at 2014-04-18 16:41:15 +0700


Started GET "/assets/twitter/bootstrap/bootstrap-collapse.js?body=1" for 127.0.0.1 at 2014-04-18 16:41:15 +0700


Started GET "/assets/twitter/bootstrap/bootstrap-typeahead.js?body=1" for 127.0.0.1 at 2014-04-18 16:41:15 +0700


Started GET "/assets/twitter/bootstrap/bootstrap-affix.js?body=1" for 127.0.0.1 at 2014-04-18 16:41:15 +0700


Started GET "/assets/turbolinks.js?body=1" for 127.0.0.1 at 2014-04-18 16:41:15 +0700


Started GET "/assets/twitter/bootstrap.js?body=1" for 127.0.0.1 at 2014-04-18 16:41:15 +0700


Started GET "/assets/bootstrap.js?body=1" for 127.0.0.1 at 2014-04-18 16:41:15 +0700


Started GET "/assets/products.js?body=1" for 127.0.0.1 at 2014-04-18 16:41:15 +0700


Started GET "/assets/application.js?body=1" for 127.0.0.1 at 2014-04-18 16:41:15 +0700


Started GET "/products" for 127.0.0.1 at 2014-04-18 17:01:48 +0700
  [1m[36mActiveRecord::SchemaMigration Load (0.1ms)[0m  [1mSELECT "schema_migrations".* FROM "schema_migrations"[0m
Processing by ProductsController#index as HTML
  [1m[35mProduct Load (0.3ms)[0m  SELECT "products".* FROM "products"
  Rendered products/index.html.erb within layouts/application (29.4ms)
Completed 200 OK in 178ms (Views: 158.4ms | ActiveRecord: 0.3ms)


Started GET "/assets/application.css?body=1" for 127.0.0.1 at 2014-04-18 17:01:49 +0700


Started GET "/assets/jquery_ujs.js?body=1" for 127.0.0.1 at 2014-04-18 17:01:49 +0700


Started GET "/assets/jquery.js?body=1" for 127.0.0.1 at 2014-04-18 17:01:49 +0700


Started GET "/assets/twitter/bootstrap/bootstrap-alert.js?body=1" for 127.0.0.1 at 2014-04-18 17:01:49 +0700


Started GET "/assets/twitter/bootstrap/bootstrap-transition.js?body=1" for 127.0.0.1 at 2014-04-18 17:01:49 +0700


Started GET "/assets/bootstrap_and_overrides.css?body=1" for 127.0.0.1 at 2014-04-18 17:01:49 +0700


Started GET "/assets/twitter/bootstrap/bootstrap-modal.js?body=1" for 127.0.0.1 at 2014-04-18 17:01:49 +0700


Started GET "/assets/twitter/bootstrap/bootstrap-dropdown.js?body=1" for 127.0.0.1 at 2014-04-18 17:01:49 +0700


Started GET "/assets/twitter/bootstrap/bootstrap-scrollspy.js?body=1" for 127.0.0.1 at 2014-04-18 17:01:49 +0700


Started GET "/assets/twitter/bootstrap/bootstrap-tab.js?body=1" for 127.0.0.1 at 2014-04-18 17:01:49 +0700


Started GET "/assets/twitter/bootstrap/bootstrap-carousel.js?body=1" for 127.0.0.1 at 2014-04-18 17:01:49 +0700


Started GET "/assets/twitter/bootstrap/bootstrap-button.js?body=1" for 127.0.0.1 at 2014-04-18 17:01:49 +0700


Started GET "/assets/twitter/bootstrap/bootstrap-popover.js?body=1" for 127.0.0.1 at 2014-04-18 17:01:49 +0700


Started GET "/assets/twitter/bootstrap/bootstrap-collapse.js?body=1" for 127.0.0.1 at 2014-04-18 17:01:49 +0700


Started GET "/assets/twitter/bootstrap/bootstrap-tooltip.js?body=1" for 127.0.0.1 at 2014-04-18 17:01:49 +0700


Started GET "/assets/twitter/bootstrap/bootstrap-typeahead.js?body=1" for 127.0.0.1 at 2014-04-18 17:01:49 +0700


Started GET "/assets/twitter/bootstrap/bootstrap-affix.js?body=1" for 127.0.0.1 at 2014-04-18 17:01:49 +0700


Started GET "/assets/twitter/bootstrap.js?body=1" for 127.0.0.1 at 2014-04-18 17:01:49 +0700


Started GET "/assets/turbolinks.js?body=1" for 127.0.0.1 at 2014-04-18 17:01:49 +0700


Started GET "/assets/bootstrap.js?body=1" for 127.0.0.1 at 2014-04-18 17:01:49 +0700


Started GET "/assets/application.js?body=1" for 127.0.0.1 at 2014-04-18 17:01:49 +0700


Started GET "/assets/products.js?body=1" for 127.0.0.1 at 2014-04-18 17:01:49 +0700


Started GET "/products/new" for 127.0.0.1 at 2014-04-18 17:01:54 +0700
Processing by ProductsController#new as HTML
  Rendered products/_form.html.erb (71.8ms)
  Rendered products/new.html.erb within layouts/application (89.7ms)
Completed 200 OK in 97ms (Views: 95.2ms | ActiveRecord: 0.4ms)


Started POST "/products" for 127.0.0.1 at 2014-04-18 17:02:08 +0700
Processing by ProductsController#create as HTML
  Parameters: {"utf8"=>"✓", "authenticity_token"=>"8tsLXsUWMDW6KUZ/ffg/4GXuwoDwbyoPRE/frXRbkYE=", "product"=>{"name"=>"DaDaDa", "price"=>"0.1"}, "commit"=>"Create Product"}
  [1m[36m (0.1ms)[0m  [1mbegin transaction[0m
  [1m[35mSQL (188.4ms)[0m  INSERT INTO "products" ("created_at", "name", "price", "updated_at") VALUES (?, ?, ?, ?)  [["created_at", Fri, 18 Apr 2014 10:02:08 UTC +00:00], ["name", "DaDaDa"], ["price", #<BigDecimal:7fcb70b4f9e0,'0.1E0',9(18)>], ["updated_at", Fri, 18 Apr 2014 10:02:08 UTC +00:00]]
  [1m[36m (150.8ms)[0m  [1mcommit transaction[0m
Redirected to http://localhost:3000/products/2
Completed 302 Found in 345ms (ActiveRecord: 339.4ms)


Started GET "/products/2" for 127.0.0.1 at 2014-04-18 17:02:09 +0700
Processing by ProductsController#show as HTML
  Parameters: {"id"=>"2"}
  [1m[35mProduct Load (0.3ms)[0m  SELECT "products".* FROM "products" WHERE "products"."id" = ? LIMIT 1  [["id", "2"]]
  Rendered products/show.html.erb within layouts/application (3.0ms)
Completed 200 OK in 14ms (Views: 9.0ms | ActiveRecord: 0.3ms)


Started GET "/assets/application.css?body=1" for 127.0.0.1 at 2014-04-18 17:02:09 +0700


Started GET "/assets/twitter/bootstrap/bootstrap-alert.js?body=1" for 127.0.0.1 at 2014-04-18 17:02:09 +0700


Started GET "/assets/jquery_ujs.js?body=1" for 127.0.0.1 at 2014-04-18 17:02:09 +0700


Started GET "/assets/twitter/bootstrap/bootstrap-transition.js?body=1" for 127.0.0.1 at 2014-04-18 17:02:09 +0700


Started GET "/assets/jquery.js?body=1" for 127.0.0.1 at 2014-04-18 17:02:09 +0700


Started GET "/assets/bootstrap_and_overrides.css?body=1" for 127.0.0.1 at 2014-04-18 17:02:09 +0700


Started GET "/assets/twitter/bootstrap/bootstrap-modal.js?body=1" for 127.0.0.1 at 2014-04-18 17:02:09 +0700


Started GET "/assets/twitter/bootstrap/bootstrap-dropdown.js?body=1" for 127.0.0.1 at 2014-04-18 17:02:09 +0700


Started GET "/assets/twitter/bootstrap/bootstrap-scrollspy.js?body=1" for 127.0.0.1 at 2014-04-18 17:02:09 +0700


Started GET "/assets/twitter/bootstrap/bootstrap-tab.js?body=1" for 127.0.0.1 at 2014-04-18 17:02:09 +0700


Started GET "/assets/twitter/bootstrap/bootstrap-tooltip.js?body=1" for 127.0.0.1 at 2014-04-18 17:02:09 +0700


Started GET "/assets/twitter/bootstrap/bootstrap-popover.js?body=1" for 127.0.0.1 at 2014-04-18 17:02:09 +0700


Started GET "/assets/twitter/bootstrap/bootstrap-collapse.js?body=1" for 127.0.0.1 at 2014-04-18 17:02:09 +0700


Started GET "/assets/twitter/bootstrap/bootstrap-button.js?body=1" for 127.0.0.1 at 2014-04-18 17:02:09 +0700


Started GET "/assets/twitter/bootstrap/bootstrap-carousel.js?body=1" for 127.0.0.1 at 2014-04-18 17:02:09 +0700


Started GET "/assets/twitter/bootstrap/bootstrap-typeahead.js?body=1" for 127.0.0.1 at 2014-04-18 17:02:09 +0700


Started GET "/assets/twitter/bootstrap/bootstrap-affix.js?body=1" for 127.0.0.1 at 2014-04-18 17:02:09 +0700


Started GET "/assets/turbolinks.js?body=1" for 127.0.0.1 at 2014-04-18 17:02:09 +0700


Started GET "/assets/twitter/bootstrap.js?body=1" for 127.0.0.1 at 2014-04-18 17:02:09 +0700


Started GET "/assets/bootstrap.js?body=1" for 127.0.0.1 at 2014-04-18 17:02:09 +0700


Started GET "/assets/application.js?body=1" for 127.0.0.1 at 2014-04-18 17:02:09 +0700


Started GET "/assets/products.js?body=1" for 127.0.0.1 at 2014-04-18 17:02:09 +0700


Started GET "/products" for 127.0.0.1 at 2014-04-18 17:02:12 +0700
Processing by ProductsController#index as HTML
  [1m[36mProduct Load (0.4ms)[0m  [1mSELECT "products".* FROM "products"[0m
  Rendered products/index.html.erb within layouts/application (28.8ms)
Completed 200 OK in 39ms (Views: 37.3ms | ActiveRecord: 0.4ms)


Started GET "/products/new" for 127.0.0.1 at 2014-04-18 17:02:42 +0700
Processing by ProductsController#new as HTML
  Rendered products/_form.html.erb (3.7ms)
  Rendered products/new.html.erb within layouts/application (5.4ms)
Completed 200 OK in 14ms (Views: 12.4ms | ActiveRecord: 0.0ms)


Started POST "/products" for 127.0.0.1 at 2014-04-18 17:02:49 +0700
Processing by ProductsController#create as HTML
  Parameters: {"utf8"=>"✓", "authenticity_token"=>"8tsLXsUWMDW6KUZ/ffg/4GXuwoDwbyoPRE/frXRbkYE=", "product"=>{"name"=>"GH", "price"=>"10"}, "commit"=>"Create Product"}
  [1m[35m (0.1ms)[0m  begin transaction
  [1m[36mSQL (0.4ms)[0m  [1mINSERT INTO "products" ("created_at", "name", "price", "updated_at") VALUES (?, ?, ?, ?)[0m  [["created_at", Fri, 18 Apr 2014 10:02:49 UTC +00:00], ["name", "GH"], ["price", #<BigDecimal:7fcb600075e8,'0.1E2',9(18)>], ["updated_at", Fri, 18 Apr 2014 10:02:49 UTC +00:00]]
  [1m[35m (266.4ms)[0m  commit transaction
Redirected to http://localhost:3000/products/3
Completed 302 Found in 271ms (ActiveRecord: 266.9ms)


Started GET "/products/3" for 127.0.0.1 at 2014-04-18 17:02:49 +0700
Processing by ProductsController#show as HTML
  Parameters: {"id"=>"3"}
  [1m[36mProduct Load (0.1ms)[0m  [1mSELECT "products".* FROM "products" WHERE "products"."id" = ? LIMIT 1[0m  [["id", "3"]]
  Rendered products/show.html.erb within layouts/application (1.3ms)
Completed 200 OK in 8ms (Views: 6.7ms | ActiveRecord: 0.1ms)


Started GET "/assets/application.css?body=1" for 127.0.0.1 at 2014-04-18 17:02:49 +0700


Started GET "/assets/jquery_ujs.js?body=1" for 127.0.0.1 at 2014-04-18 17:02:49 +0700


Started GET "/assets/jquery.js?body=1" for 127.0.0.1 at 2014-04-18 17:02:49 +0700


Started GET "/assets/twitter/bootstrap/bootstrap-alert.js?body=1" for 127.0.0.1 at 2014-04-18 17:02:49 +0700


Started GET "/assets/bootstrap_and_overrides.css?body=1" for 127.0.0.1 at 2014-04-18 17:02:49 +0700


Started GET "/assets/twitter/bootstrap/bootstrap-transition.js?body=1" for 127.0.0.1 at 2014-04-18 17:02:49 +0700


Started GET "/assets/twitter/bootstrap/bootstrap-modal.js?body=1" for 127.0.0.1 at 2014-04-18 17:02:49 +0700


Started GET "/assets/twitter/bootstrap/bootstrap-dropdown.js?body=1" for 127.0.0.1 at 2014-04-18 17:02:49 +0700


Started GET "/assets/twitter/bootstrap/bootstrap-scrollspy.js?body=1" for 127.0.0.1 at 2014-04-18 17:02:49 +0700


Started GET "/assets/twitter/bootstrap/bootstrap-tab.js?body=1" for 127.0.0.1 at 2014-04-18 17:02:49 +0700


Started GET "/assets/twitter/bootstrap/bootstrap-tooltip.js?body=1" for 127.0.0.1 at 2014-04-18 17:02:49 +0700


Started GET "/assets/twitter/bootstrap/bootstrap-button.js?body=1" for 127.0.0.1 at 2014-04-18 17:02:49 +0700


Started GET "/assets/twitter/bootstrap/bootstrap-popover.js?body=1" for 127.0.0.1 at 2014-04-18 17:02:49 +0700


Started GET "/assets/twitter/bootstrap/bootstrap-collapse.js?body=1" for 127.0.0.1 at 2014-04-18 17:02:49 +0700


Started GET "/assets/twitter/bootstrap/bootstrap-carousel.js?body=1" for 127.0.0.1 at 2014-04-18 17:02:49 +0700


Started GET "/assets/twitter/bootstrap.js?body=1" for 127.0.0.1 at 2014-04-18 17:02:49 +0700


Started GET "/assets/twitter/bootstrap/bootstrap-affix.js?body=1" for 127.0.0.1 at 2014-04-18 17:02:49 +0700


Started GET "/assets/twitter/bootstrap/bootstrap-typeahead.js?body=1" for 127.0.0.1 at 2014-04-18 17:02:49 +0700


Started GET "/assets/turbolinks.js?body=1" for 127.0.0.1 at 2014-04-18 17:02:49 +0700


Started GET "/assets/bootstrap.js?body=1" for 127.0.0.1 at 2014-04-18 17:02:49 +0700


Started GET "/assets/products.js?body=1" for 127.0.0.1 at 2014-04-18 17:02:49 +0700


Started GET "/assets/application.js?body=1" for 127.0.0.1 at 2014-04-18 17:02:49 +0700


Started GET "/products" for 127.0.0.1 at 2014-04-18 17:02:52 +0700
Processing by ProductsController#index as HTML
  [1m[35mProduct Load (0.3ms)[0m  SELECT "products".* FROM "products"
  Rendered products/index.html.erb within layouts/application (5.2ms)
Completed 200 OK in 41ms (Views: 40.2ms | ActiveRecord: 0.3ms)


Started GET "/" for 127.0.0.1 at 2014-04-29 15:25:01 +0700
  [1m[36mActiveRecord::SchemaMigration Load (0.2ms)[0m  [1mSELECT "schema_migrations".* FROM "schema_migrations"[0m
Processing by Rails::WelcomeController#index as HTML
  Rendered /usr/lib/ruby/gems/1.9.1/gems/railties-4.0.4/lib/rails/templates/rails/welcome/index.html.erb (5.2ms)
Completed 200 OK in 77ms (Views: 59.9ms | ActiveRecord: 0.0ms)


Started GET "/products" for 127.0.0.1 at 2014-04-29 15:27:17 +0700
Processing by ProductsController#index as HTML
  [1m[35mProduct Load (0.2ms)[0m  SELECT "products".* FROM "products"
  Rendered products/index.html.erb within layouts/application (63.1ms)
Completed 200 OK in 541ms (Views: 505.2ms | ActiveRecord: 0.4ms)


Started GET "/assets/application.css?body=1" for 127.0.0.1 at 2014-04-29 15:27:18 +0700


Started GET "/assets/bootstrap_and_overrides.css?body=1" for 127.0.0.1 at 2014-04-29 15:27:18 +0700


Started GET "/assets/jquery_ujs.js?body=1" for 127.0.0.1 at 2014-04-29 15:27:18 +0700


Started GET "/assets/jquery.js?body=1" for 127.0.0.1 at 2014-04-29 15:27:18 +0700


Started GET "/assets/twitter/bootstrap/bootstrap-alert.js?body=1" for 127.0.0.1 at 2014-04-29 15:27:18 +0700


Started GET "/assets/twitter/bootstrap/bootstrap-transition.js?body=1" for 127.0.0.1 at 2014-04-29 15:27:18 +0700


Started GET "/assets/twitter/bootstrap/bootstrap-modal.js?body=1" for 127.0.0.1 at 2014-04-29 15:27:18 +0700


Started GET "/assets/twitter/bootstrap/bootstrap-scrollspy.js?body=1" for 127.0.0.1 at 2014-04-29 15:27:18 +0700


Started GET "/assets/twitter/bootstrap/bootstrap-dropdown.js?body=1" for 127.0.0.1 at 2014-04-29 15:27:18 +0700


Started GET "/assets/twitter/bootstrap/bootstrap-tab.js?body=1" for 127.0.0.1 at 2014-04-29 15:27:18 +0700


Started GET "/assets/twitter/bootstrap/bootstrap-tooltip.js?body=1" for 127.0.0.1 at 2014-04-29 15:27:18 +0700


Started GET "/assets/twitter/bootstrap/bootstrap-popover.js?body=1" for 127.0.0.1 at 2014-04-29 15:27:18 +0700


Started GET "/assets/twitter/bootstrap/bootstrap-collapse.js?body=1" for 127.0.0.1 at 2014-04-29 15:27:18 +0700


Started GET "/assets/twitter/bootstrap/bootstrap-button.js?body=1" for 127.0.0.1 at 2014-04-29 15:27:18 +0700


Started GET "/assets/twitter/bootstrap/bootstrap-carousel.js?body=1" for 127.0.0.1 at 2014-04-29 15:27:18 +0700


Started GET "/assets/twitter/bootstrap/bootstrap-typeahead.js?body=1" for 127.0.0.1 at 2014-04-29 15:27:18 +0700


Started GET "/assets/twitter/bootstrap/bootstrap-affix.js?body=1" for 127.0.0.1 at 2014-04-29 15:27:18 +0700


Started GET "/assets/twitter/bootstrap.js?body=1" for 127.0.0.1 at 2014-04-29 15:27:18 +0700


Started GET "/assets/turbolinks.js?body=1" for 127.0.0.1 at 2014-04-29 15:27:18 +0700


Started GET "/assets/bootstrap.js?body=1" for 127.0.0.1 at 2014-04-29 15:27:18 +0700


Started GET "/assets/products.js?body=1" for 127.0.0.1 at 2014-04-29 15:27:18 +0700


Started GET "/assets/application.js?body=1" for 127.0.0.1 at 2014-04-29 15:27:18 +0700


Started GET "/phpmyadmin" for 127.0.0.1 at 2014-04-29 15:27:37 +0700

ActionController::RoutingError (No route matches [GET] "/phpmyadmin"):
  actionpack (4.0.4) lib/action_dispatch/middleware/debug_exceptions.rb:21:in `call'
  actionpack (4.0.4) lib/action_dispatch/middleware/show_exceptions.rb:30:in `call'
  railties (4.0.4) lib/rails/rack/logger.rb:38:in `call_app'
  railties (4.0.4) lib/rails/rack/logger.rb:20:in `block in call'
  activesupport (4.0.4) lib/active_support/tagged_logging.rb:68:in `block in tagged'
  activesupport (4.0.4) lib/active_support/tagged_logging.rb:26:in `tagged'
  activesupport (4.0.4) lib/active_support/tagged_logging.rb:68:in `tagged'
  railties (4.0.4) lib/rails/rack/logger.rb:20:in `call'
  actionpack (4.0.4) lib/action_dispatch/middleware/request_id.rb:21:in `call'
  rack (1.5.2) lib/rack/methodoverride.rb:21:in `call'
  rack (1.5.2) lib/rack/runtime.rb:17:in `call'
  activesupport (4.0.4) lib/active_support/cache/strategy/local_cache.rb:83:in `call'
  rack (1.5.2) lib/rack/lock.rb:17:in `call'
  actionpack (4.0.4) lib/action_dispatch/middleware/static.rb:64:in `call'
  rack (1.5.2) lib/rack/sendfile.rb:112:in `call'
  railties (4.0.4) lib/rails/engine.rb:511:in `call'
  railties (4.0.4) lib/rails/application.rb:97:in `call'
  rack (1.5.2) lib/rack/lock.rb:17:in `call'
  rack (1.5.2) lib/rack/content_length.rb:14:in `call'
  rack (1.5.2) lib/rack/handler/webrick.rb:60:in `service'
  /usr/lib/ruby/1.9.1/webrick/httpserver.rb:138:in `service'
  /usr/lib/ruby/1.9.1/webrick/httpserver.rb:94:in `run'
  /usr/lib/ruby/1.9.1/webrick/server.rb:191:in `block in start_thread'


  Rendered /usr/lib/ruby/gems/1.9.1/gems/actionpack-4.0.4/lib/action_dispatch/middleware/templates/rescues/_trace.erb (1.5ms)
  Rendered /usr/lib/ruby/gems/1.9.1/gems/actionpack-4.0.4/lib/action_dispatch/middleware/templates/routes/_route.html.erb (1.2ms)
  Rendered /usr/lib/ruby/gems/1.9.1/gems/actionpack-4.0.4/lib/action_dispatch/middleware/templates/routes/_table.html.erb (42.6ms)
  Rendered /usr/lib/ruby/gems/1.9.1/gems/actionpack-4.0.4/lib/action_dispatch/middleware/templates/rescues/routing_error.erb within rescues/layout (61.8ms)
